<?xml version="1.0" encoding="UTF-8"?>
<testng-results skipped="0" failed="1" ignored="0" total="6" passed="5">
  <reporter-output>
  </reporter-output>
  <suite name="Regression" duration-ms="83988" started-at="2022-06-18T18:49:00 CDT" finished-at="2022-06-18T18:50:24 CDT">
    <groups>
    </groups>
    <test name="All Functionalities" duration-ms="83988" started-at="2022-06-18T18:49:00 CDT" finished-at="2022-06-18T18:50:24 CDT">
      <class name="scripts.CarvanaTest">
        <test-method status="PASS" signature="setup()[pri:0, instance:scripts.CarvanaTest@44c8afef]" name="setup" is-config="true" duration-ms="2298" started-at="2022-06-18T18:49:00 CDT" finished-at="2022-06-18T18:49:03 CDT">
          <reporter-output>
          </reporter-output>
        </test-method> <!-- setup -->
        <test-method status="PASS" signature="testCarvanaHomePageTitleAndUrl()[pri:1, instance:scripts.CarvanaTest@44c8afef]" name="testCarvanaHomePageTitleAndUrl" duration-ms="5461" started-at="2022-06-18T18:49:03 CDT" description="Validate Carvana home page title and url" finished-at="2022-06-18T18:49:08 CDT">
          <reporter-output>
          </reporter-output>
        </test-method> <!-- testCarvanaHomePageTitleAndUrl -->
        <test-method status="PASS" signature="teardown()[pri:0, instance:scripts.CarvanaTest@44c8afef]" name="teardown" is-config="true" duration-ms="4564" started-at="2022-06-18T18:49:08 CDT" finished-at="2022-06-18T18:49:13 CDT">
          <reporter-output>
          </reporter-output>
        </test-method> <!-- teardown -->
        <test-method status="PASS" signature="setup()[pri:0, instance:scripts.CarvanaTest@44c8afef]" name="setup" is-config="true" duration-ms="1241" started-at="2022-06-18T18:49:13 CDT" finished-at="2022-06-18T18:49:14 CDT">
          <reporter-output>
          </reporter-output>
        </test-method> <!-- setup -->
        <test-method status="PASS" signature="testCarvanaLogo()[pri:2, instance:scripts.CarvanaTest@44c8afef]" name="testCarvanaLogo" duration-ms="5251" started-at="2022-06-18T18:49:14 CDT" description="Validate the Carvana logo" finished-at="2022-06-18T18:49:19 CDT">
          <reporter-output>
          </reporter-output>
        </test-method> <!-- testCarvanaLogo -->
        <test-method status="PASS" signature="teardown()[pri:0, instance:scripts.CarvanaTest@44c8afef]" name="teardown" is-config="true" duration-ms="4584" started-at="2022-06-18T18:49:19 CDT" finished-at="2022-06-18T18:49:24 CDT">
          <reporter-output>
          </reporter-output>
        </test-method> <!-- teardown -->
        <test-method status="PASS" signature="setup()[pri:0, instance:scripts.CarvanaTest@44c8afef]" name="setup" is-config="true" duration-ms="1264" started-at="2022-06-18T18:49:24 CDT" finished-at="2022-06-18T18:49:25 CDT">
          <reporter-output>
          </reporter-output>
        </test-method> <!-- setup -->
        <test-method status="PASS" signature="testMainNavigationItems()[pri:3, instance:scripts.CarvanaTest@44c8afef]" name="testMainNavigationItems" duration-ms="5542" started-at="2022-06-18T18:49:25 CDT" description="Validate the main navigation section items" finished-at="2022-06-18T18:49:31 CDT">
          <reporter-output>
          </reporter-output>
        </test-method> <!-- testMainNavigationItems -->
        <test-method status="PASS" signature="teardown()[pri:0, instance:scripts.CarvanaTest@44c8afef]" name="teardown" is-config="true" duration-ms="4338" started-at="2022-06-18T18:49:31 CDT" finished-at="2022-06-18T18:49:35 CDT">
          <reporter-output>
          </reporter-output>
        </test-method> <!-- teardown -->
        <test-method status="PASS" signature="setup()[pri:0, instance:scripts.CarvanaTest@44c8afef]" name="setup" is-config="true" duration-ms="1257" started-at="2022-06-18T18:49:35 CDT" finished-at="2022-06-18T18:49:36 CDT">
          <reporter-output>
          </reporter-output>
        </test-method> <!-- setup -->
        <test-method status="PASS" signature="testSignInErrorMessage()[pri:4, instance:scripts.CarvanaTest@44c8afef]" name="testSignInErrorMessage" duration-ms="6466" started-at="2022-06-18T18:49:36 CDT" description="Validate the sign in error message" finished-at="2022-06-18T18:49:43 CDT">
          <reporter-output>
          </reporter-output>
        </test-method> <!-- testSignInErrorMessage -->
        <test-method status="PASS" signature="teardown()[pri:0, instance:scripts.CarvanaTest@44c8afef]" name="teardown" is-config="true" duration-ms="4393" started-at="2022-06-18T18:49:43 CDT" finished-at="2022-06-18T18:49:47 CDT">
          <reporter-output>
          </reporter-output>
        </test-method> <!-- teardown -->
        <test-method status="PASS" signature="setup()[pri:0, instance:scripts.CarvanaTest@44c8afef]" name="setup" is-config="true" duration-ms="1287" started-at="2022-06-18T18:49:47 CDT" finished-at="2022-06-18T18:49:48 CDT">
          <reporter-output>
          </reporter-output>
        </test-method> <!-- setup -->
        <test-method status="PASS" signature="testSearchFilterAndSearchButton()[pri:5, instance:scripts.CarvanaTest@44c8afef]" name="testSearchFilterAndSearchButton" duration-ms="12995" started-at="2022-06-18T18:49:48 CDT" description="Validate the search filter options and search button" finished-at="2022-06-18T18:50:01 CDT">
          <reporter-output>
          </reporter-output>
        </test-method> <!-- testSearchFilterAndSearchButton -->
        <test-method status="PASS" signature="teardown()[pri:0, instance:scripts.CarvanaTest@44c8afef]" name="teardown" is-config="true" duration-ms="4642" started-at="2022-06-18T18:50:01 CDT" finished-at="2022-06-18T18:50:06 CDT">
          <reporter-output>
          </reporter-output>
        </test-method> <!-- teardown -->
        <test-method status="PASS" signature="setup()[pri:0, instance:scripts.CarvanaTest@44c8afef]" name="setup" is-config="true" duration-ms="1258" started-at="2022-06-18T18:50:06 CDT" finished-at="2022-06-18T18:50:07 CDT">
          <reporter-output>
          </reporter-output>
        </test-method> <!-- setup -->
        <test-method status="FAIL" signature="testSearchResultTiles()[pri:6, instance:scripts.CarvanaTest@44c8afef]" name="testSearchResultTiles" duration-ms="12476" started-at="2022-06-18T18:50:07 CDT" description="Validate the search result tiles" finished-at="2022-06-18T18:50:20 CDT">
          <exception class="org.openqa.selenium.StaleElementReferenceException">
            <message>
              <![CDATA[stale element reference: element is not attached to the page document
  (Session info: chrome=102.0.5005.115)
For documentation on this error, please visit: https://www.seleniumhq.org/exceptions/stale_element_reference.html
Build info: version: '3.141.59', revision: 'e82be7d358', time: '2018-11-14T08:17:03'
System info: host: 'DESKTOP-HRAE54G', ip: '192.168.29.105', os.name: 'Windows 10', os.arch: 'amd64', os.version: '10.0', java.version: '1.8.0_321'
Driver info: org.openqa.selenium.chrome.ChromeDriver
Capabilities {acceptInsecureCerts: false, browserName: chrome, browserVersion: 102.0.5005.115, chrome: {chromedriverVersion: 102.0.5005.61 (0e59bcc00cc4..., userDataDir: C:\Users\Admin\AppData\Loca...}, goog:chromeOptions: {debuggerAddress: localhost:57849}, javascriptEnabled: true, networkConnectionEnabled: false, pageLoadStrategy: normal, platform: WINDOWS, platformName: WINDOWS, proxy: Proxy(), setWindowRect: true, strictFileInteractability: false, timeouts: {implicit: 0, pageLoad: 300000, script: 30000}, unhandledPromptBehavior: dismiss and notify, webauthn:extension:credBlob: true, webauthn:extension:largeBlob: true, webauthn:virtualAuthenticators: true}
Session ID: 921a10de844bdb08ad403a829541c571]]>
            </message>
            <full-stacktrace>
              <![CDATA[org.openqa.selenium.StaleElementReferenceException: stale element reference: element is not attached to the page document
  (Session info: chrome=102.0.5005.115)
For documentation on this error, please visit: https://www.seleniumhq.org/exceptions/stale_element_reference.html
Build info: version: '3.141.59', revision: 'e82be7d358', time: '2018-11-14T08:17:03'
System info: host: 'DESKTOP-HRAE54G', ip: '192.168.29.105', os.name: 'Windows 10', os.arch: 'amd64', os.version: '10.0', java.version: '1.8.0_321'
Driver info: org.openqa.selenium.chrome.ChromeDriver
Capabilities {acceptInsecureCerts: false, browserName: chrome, browserVersion: 102.0.5005.115, chrome: {chromedriverVersion: 102.0.5005.61 (0e59bcc00cc4..., userDataDir: C:\Users\Admin\AppData\Loca...}, goog:chromeOptions: {debuggerAddress: localhost:57849}, javascriptEnabled: true, networkConnectionEnabled: false, pageLoadStrategy: normal, platform: WINDOWS, platformName: WINDOWS, proxy: Proxy(), setWindowRect: true, strictFileInteractability: false, timeouts: {implicit: 0, pageLoad: 300000, script: 30000}, unhandledPromptBehavior: dismiss and notify, webauthn:extension:credBlob: true, webauthn:extension:largeBlob: true, webauthn:virtualAuthenticators: true}
Session ID: 921a10de844bdb08ad403a829541c571
at sun.reflect.NativeConstructorAccessorImpl.newInstance0(Native Method)
at sun.reflect.NativeConstructorAccessorImpl.newInstance(NativeConstructorAccessorImpl.java:62)
at sun.reflect.DelegatingConstructorAccessorImpl.newInstance(DelegatingConstructorAccessorImpl.java:45)
at java.lang.reflect.Constructor.newInstance(Constructor.java:423)
at org.openqa.selenium.remote.http.W3CHttpResponseCodec.createException(W3CHttpResponseCodec.java:187)
at org.openqa.selenium.remote.http.W3CHttpResponseCodec.decode(W3CHttpResponseCodec.java:122)
at org.openqa.selenium.remote.http.W3CHttpResponseCodec.decode(W3CHttpResponseCodec.java:49)
at org.openqa.selenium.remote.HttpCommandExecutor.execute(HttpCommandExecutor.java:158)
at org.openqa.selenium.remote.service.DriverCommandExecutor.execute(DriverCommandExecutor.java:83)
at org.openqa.selenium.remote.RemoteWebDriver.execute(RemoteWebDriver.java:552)
at org.openqa.selenium.remote.RemoteWebElement.execute(RemoteWebElement.java:285)
at org.openqa.selenium.remote.RemoteWebElement.isDisplayed(RemoteWebElement.java:326)
at scripts.CarvanaTest.testSearchResultTiles(CarvanaTest.java:132)
at sun.reflect.NativeMethodAccessorImpl.invoke0(Native Method)
at sun.reflect.NativeMethodAccessorImpl.invoke(NativeMethodAccessorImpl.java:62)
at sun.reflect.DelegatingMethodAccessorImpl.invoke(DelegatingMethodAccessorImpl.java:43)
at java.lang.reflect.Method.invoke(Method.java:498)
at org.testng.internal.MethodInvocationHelper.invokeMethod(MethodInvocationHelper.java:134)
at org.testng.internal.TestInvoker.invokeMethod(TestInvoker.java:597)
at org.testng.internal.TestInvoker.invokeTestMethod(TestInvoker.java:173)
at org.testng.internal.MethodRunner.runInSequence(MethodRunner.java:46)
at org.testng.internal.TestInvoker$MethodInvocationAgent.invoke(TestInvoker.java:816)
at org.testng.internal.TestInvoker.invokeTestMethods(TestInvoker.java:146)
at org.testng.internal.TestMethodWorker.invokeTestMethods(TestMethodWorker.java:146)
at org.testng.internal.TestMethodWorker.run(TestMethodWorker.java:128)
at java.util.ArrayList.forEach(ArrayList.java:1259)
at org.testng.TestRunner.privateRun(TestRunner.java:766)
at org.testng.TestRunner.run(TestRunner.java:587)
at org.testng.SuiteRunner.runTest(SuiteRunner.java:384)
at org.testng.SuiteRunner.runSequentially(SuiteRunner.java:378)
at org.testng.SuiteRunner.privateRun(SuiteRunner.java:337)
at org.testng.SuiteRunner.run(SuiteRunner.java:286)
at org.testng.SuiteRunnerWorker.runSuite(SuiteRunnerWorker.java:53)
at org.testng.SuiteRunnerWorker.run(SuiteRunnerWorker.java:96)
at org.testng.TestNG.runSuitesSequentially(TestNG.java:1187)
at org.testng.TestNG.runSuitesLocally(TestNG.java:1109)
at org.testng.TestNG.runSuites(TestNG.java:1039)
at org.testng.TestNG.run(TestNG.java:1007)
at org.apache.maven.surefire.testng.TestNGExecutor.run(TestNGExecutor.java:281)
at org.apache.maven.surefire.testng.TestNGXmlTestSuite.execute(TestNGXmlTestSuite.java:75)
at org.apache.maven.surefire.testng.TestNGProvider.invoke(TestNGProvider.java:121)
at org.apache.maven.surefire.booter.ForkedBooter.invokeProviderInSameClassLoader(ForkedBooter.java:290)
at org.apache.maven.surefire.booter.ForkedBooter.runSuitesInProcess(ForkedBooter.java:242)
at org.apache.maven.surefire.booter.ForkedBooter.main(ForkedBooter.java:121)
]]>
            </full-stacktrace>
          </exception> <!-- org.openqa.selenium.StaleElementReferenceException -->
          <reporter-output>
          </reporter-output>
        </test-method> <!-- testSearchResultTiles -->
        <test-method status="PASS" signature="teardown()[pri:0, instance:scripts.CarvanaTest@44c8afef]" name="teardown" is-config="true" duration-ms="4624" started-at="2022-06-18T18:50:20 CDT" finished-at="2022-06-18T18:50:24 CDT">
          <reporter-output>
          </reporter-output>
        </test-method> <!-- teardown -->
      </class> <!-- scripts.CarvanaTest -->
    </test> <!-- All Functionalities -->
  </suite> <!-- Regression -->
</testng-results>
